<?xml version="1.0" encoding="UTF-8"?>
<robot generator="Robot 3.2.1 (Python 3.8.2 on win32)" generated="20200519 23:15:43.090" rpa="false">
<suite id="s1" name="Login" source="D:\GitHub\robot_framework\login.robot">
<test id="s1-t1" name="Verify that it is possible to login">
<kw name="Given I access the website">
<kw name="Open Browser" library="SeleniumLibrary">
<doc>Opens a new browser instance to the optional ``url``.</doc>
<arguments>
<arg>https://bikelov.herokuapp.com/</arg>
<arg>chrome</arg>
</arguments>
<msg timestamp="20200519 23:15:43.380" level="INFO">Opening browser 'chrome' to base url 'https://bikelov.herokuapp.com/'.</msg>
<status status="PASS" starttime="20200519 23:15:43.380" endtime="20200519 23:15:48.827"></status>
</kw>
<kw name="Set Selenium Implicit Wait" library="SeleniumLibrary">
<doc>Sets the implicit wait value used by Selenium.</doc>
<arguments>
<arg>5</arg>
</arguments>
<status status="PASS" starttime="20200519 23:15:48.827" endtime="20200519 23:15:48.828"></status>
</kw>
<status status="PASS" starttime="20200519 23:15:43.379" endtime="20200519 23:15:48.828"></status>
</kw>
<kw name="When I submit my credentials with &quot;paulocol@gmail.com&quot;">
<kw name="Input Text" library="SeleniumLibrary">
<doc>Types the given ``text`` into the text field identified by ``locator``.</doc>
<arguments>
<arg>id:email</arg>
<arg>${email}</arg>
</arguments>
<msg timestamp="20200519 23:15:48.830" level="INFO">Typing text 'paulocol@gmail.com' into text field 'id:email'.</msg>
<status status="PASS" starttime="20200519 23:15:48.830" endtime="20200519 23:15:49.008"></status>
</kw>
<kw name="Click Element" library="SeleniumLibrary">
<doc>Click the element identified by ``locator``.</doc>
<arguments>
<arg>xpath://button[contains(text(),'Entrar')]</arg>
</arguments>
<msg timestamp="20200519 23:15:49.008" level="INFO">Clicking element 'xpath://button[contains(text(),'Entrar')]'.</msg>
<status status="PASS" starttime="20200519 23:15:49.008" endtime="20200519 23:15:49.077"></status>
</kw>
<status status="PASS" starttime="20200519 23:15:48.829" endtime="20200519 23:15:49.077"></status>
</kw>
<kw name="Then the logged area should be displayed">
<kw name="Page Should Contain Element" library="SeleniumLibrary">
<doc>Verifies that element ``locator`` is found on the current page.</doc>
<arguments>
<arg>class:dashboard</arg>
</arguments>
<msg timestamp="20200519 23:15:49.208" level="INFO">Current page contains element 'class:dashboard'.</msg>
<status status="PASS" starttime="20200519 23:15:49.078" endtime="20200519 23:15:49.209"></status>
</kw>
<status status="PASS" starttime="20200519 23:15:49.078" endtime="20200519 23:15:49.209"></status>
</kw>
<kw name="And I logout from website">
<kw name="Close Browser" library="SeleniumLibrary">
<doc>Closes the current browser.</doc>
<status status="PASS" starttime="20200519 23:15:49.210" endtime="20200519 23:15:51.324"></status>
</kw>
<status status="PASS" starttime="20200519 23:15:49.210" endtime="20200519 23:15:51.324"></status>
</kw>
<status status="PASS" starttime="20200519 23:15:43.378" endtime="20200519 23:15:51.325" critical="yes"></status>
</test>
<test id="s1-t2" name="Verify that it is not possible to login with an invalid email">
<kw name="Given I access the website">
<kw name="Open Browser" library="SeleniumLibrary">
<doc>Opens a new browser instance to the optional ``url``.</doc>
<arguments>
<arg>https://bikelov.herokuapp.com/</arg>
<arg>chrome</arg>
</arguments>
<msg timestamp="20200519 23:15:51.331" level="INFO">Opening browser 'chrome' to base url 'https://bikelov.herokuapp.com/'.</msg>
<status status="PASS" starttime="20200519 23:15:51.331" endtime="20200519 23:15:55.813"></status>
</kw>
<kw name="Set Selenium Implicit Wait" library="SeleniumLibrary">
<doc>Sets the implicit wait value used by Selenium.</doc>
<arguments>
<arg>5</arg>
</arguments>
<status status="PASS" starttime="20200519 23:15:55.814" endtime="20200519 23:15:55.816"></status>
</kw>
<status status="PASS" starttime="20200519 23:15:51.329" endtime="20200519 23:15:55.817"></status>
</kw>
<kw name="When I submit my credentials with &quot;paulocol&amp;gmail.com&quot;">
<kw name="Input Text" library="SeleniumLibrary">
<doc>Types the given ``text`` into the text field identified by ``locator``.</doc>
<arguments>
<arg>id:email</arg>
<arg>${email}</arg>
</arguments>
<msg timestamp="20200519 23:15:55.819" level="INFO">Typing text 'paulocol&amp;gmail.com' into text field 'id:email'.</msg>
<status status="PASS" starttime="20200519 23:15:55.818" endtime="20200519 23:15:55.992"></status>
</kw>
<kw name="Click Element" library="SeleniumLibrary">
<doc>Click the element identified by ``locator``.</doc>
<arguments>
<arg>xpath://button[contains(text(),'Entrar')]</arg>
</arguments>
<msg timestamp="20200519 23:15:55.992" level="INFO">Clicking element 'xpath://button[contains(text(),'Entrar')]'.</msg>
<status status="PASS" starttime="20200519 23:15:55.992" endtime="20200519 23:15:56.074"></status>
</kw>
<status status="PASS" starttime="20200519 23:15:55.818" endtime="20200519 23:15:56.074"></status>
</kw>
<kw name="Then the alert message &quot;Oops. Informe um email válido!&quot; should be displayed">
<kw name="Element Text Should Be" library="SeleniumLibrary">
<doc>Verifies that element ``locator`` contains exact the text ``expected``.</doc>
<arguments>
<arg>class:alert-dark</arg>
<arg>${expected_message}</arg>
</arguments>
<msg timestamp="20200519 23:15:56.076" level="INFO">Verifying element 'class:alert-dark' contains exact text 'Oops. Informe um email válido!'.</msg>
<status status="PASS" starttime="20200519 23:15:56.075" endtime="20200519 23:15:56.102"></status>
</kw>
<status status="PASS" starttime="20200519 23:15:56.075" endtime="20200519 23:15:56.102"></status>
</kw>
<kw name="And I logout from website">
<kw name="Close Browser" library="SeleniumLibrary">
<doc>Closes the current browser.</doc>
<status status="PASS" starttime="20200519 23:15:56.104" endtime="20200519 23:15:58.202"></status>
</kw>
<status status="PASS" starttime="20200519 23:15:56.103" endtime="20200519 23:15:58.202"></status>
</kw>
<status status="PASS" starttime="20200519 23:15:51.327" endtime="20200519 23:15:58.203" critical="yes"></status>
</test>
<test id="s1-t3" name="Verify that it is not possible to login without email">
<kw name="Given I access the website">
<kw name="Open Browser" library="SeleniumLibrary">
<doc>Opens a new browser instance to the optional ``url``.</doc>
<arguments>
<arg>https://bikelov.herokuapp.com/</arg>
<arg>chrome</arg>
</arguments>
<msg timestamp="20200519 23:15:58.208" level="INFO">Opening browser 'chrome' to base url 'https://bikelov.herokuapp.com/'.</msg>
<status status="PASS" starttime="20200519 23:15:58.207" endtime="20200519 23:16:02.709"></status>
</kw>
<kw name="Set Selenium Implicit Wait" library="SeleniumLibrary">
<doc>Sets the implicit wait value used by Selenium.</doc>
<arguments>
<arg>5</arg>
</arguments>
<status status="PASS" starttime="20200519 23:16:02.709" endtime="20200519 23:16:02.711"></status>
</kw>
<status status="PASS" starttime="20200519 23:15:58.207" endtime="20200519 23:16:02.711"></status>
</kw>
<kw name="When I submit my credentials with &quot;${EMPTY}&quot;">
<kw name="Input Text" library="SeleniumLibrary">
<doc>Types the given ``text`` into the text field identified by ``locator``.</doc>
<arguments>
<arg>id:email</arg>
<arg>${email}</arg>
</arguments>
<msg timestamp="20200519 23:16:02.712" level="INFO">Typing text '' into text field 'id:email'.</msg>
<status status="PASS" starttime="20200519 23:16:02.712" endtime="20200519 23:16:02.814"></status>
</kw>
<kw name="Click Element" library="SeleniumLibrary">
<doc>Click the element identified by ``locator``.</doc>
<arguments>
<arg>xpath://button[contains(text(),'Entrar')]</arg>
</arguments>
<msg timestamp="20200519 23:16:02.814" level="INFO">Clicking element 'xpath://button[contains(text(),'Entrar')]'.</msg>
<status status="PASS" starttime="20200519 23:16:02.814" endtime="20200519 23:16:02.894"></status>
</kw>
<status status="PASS" starttime="20200519 23:16:02.712" endtime="20200519 23:16:02.894"></status>
</kw>
<kw name="Then the alert message &quot;Oops. Informe um email válido!&quot; should be displayed">
<kw name="Element Text Should Be" library="SeleniumLibrary">
<doc>Verifies that element ``locator`` contains exact the text ``expected``.</doc>
<arguments>
<arg>class:alert-dark</arg>
<arg>${expected_message}</arg>
</arguments>
<msg timestamp="20200519 23:16:02.896" level="INFO">Verifying element 'class:alert-dark' contains exact text 'Oops. Informe um email válido!'.</msg>
<status status="PASS" starttime="20200519 23:16:02.896" endtime="20200519 23:16:02.926"></status>
</kw>
<status status="PASS" starttime="20200519 23:16:02.895" endtime="20200519 23:16:02.926"></status>
</kw>
<kw name="And I logout from website">
<kw name="Close Browser" library="SeleniumLibrary">
<doc>Closes the current browser.</doc>
<status status="PASS" starttime="20200519 23:16:02.927" endtime="20200519 23:16:05.022"></status>
</kw>
<status status="PASS" starttime="20200519 23:16:02.927" endtime="20200519 23:16:05.022"></status>
</kw>
<status status="PASS" starttime="20200519 23:15:58.206" endtime="20200519 23:16:05.023" critical="yes"></status>
</test>
<doc>Login
As an user that have an email
I want to start a new session
So that I have access to adds screen</doc>
<status status="PASS" starttime="20200519 23:15:43.092" endtime="20200519 23:16:05.027"></status>
</suite>
<statistics>
<total>
<stat pass="3" fail="0">Critical Tests</stat>
<stat pass="3" fail="0">All Tests</stat>
</total>
<tag>
</tag>
<suite>
<stat pass="3" fail="0" id="s1" name="Login">Login</stat>
</suite>
</statistics>
<errors>
</errors>
</robot>
